[24Aug2024 21:18:37.826] [main/INFO] [com.outlook.shi_jing_kai.CreativeMagicMod.Block.entity.DataPreprocessor/]: Number of classes detected: 16
[24Aug2024 21:18:37.830] [main/INFO] [com.outlook.shi_jing_kai.CreativeMagicMod.Block.entity.DataPreprocessor/]: Processing image file: ACCELERATE batch.png
[24Aug2024 21:18:37.912] [main/INFO] [org.nd4j.linalg.factory.Nd4jBackend/]: Loaded [CpuBackend] backend
[24Aug2024 21:18:38.936] [main/INFO] [org.nd4j.nativeblas.NativeOpsHolder/]: Number of threads used for linear algebra: 14
[24Aug2024 21:18:38.937] [main/INFO] [org.nd4j.linalg.cpu.nativecpu.CpuNDArrayFactory/]: Binary level Generic x86 optimization level AVX/AVX2
[24Aug2024 21:18:39.003] [main/INFO] [org.nd4j.nativeblas.Nd4jBlas/]: Number of threads used for OpenMP BLAS: 14
[24Aug2024 21:18:39.038] [main/INFO] [org.nd4j.linalg.api.ops.executioner.DefaultOpExecutioner/]: Backend used: [CPU]; OS: [Windows 11]
[24Aug2024 21:18:39.038] [main/INFO] [org.nd4j.linalg.api.ops.executioner.DefaultOpExecutioner/]: Cores: [20]; Memory: [3.9GB];
[24Aug2024 21:18:39.039] [main/INFO] [org.nd4j.linalg.api.ops.executioner.DefaultOpExecutioner/]: Blas vendor: [OPENBLAS]
[24Aug2024 21:18:39.043] [main/INFO] [org.nd4j.linalg.cpu.nativecpu.CpuBackend/]: Backend build information:
 GCC: "10.3.0"
STD version: 201103L
DEFAULT_ENGINE: samediff::ENGINE_CPU
HAVE_FLATBUFFERS
HAVE_OPENBLAS
[24Aug2024 21:18:39.145] [main/INFO] [com.outlook.shi_jing_kai.CreativeMagicMod.Block.entity.DataPreprocessor/]: Processing image file: CONFUSE batch.png
[24Aug2024 21:18:39.155] [main/INFO] [com.outlook.shi_jing_kai.CreativeMagicMod.Block.entity.DataPreprocessor/]: Processing image file: CONSTRAINT batch.png
[24Aug2024 21:18:39.162] [main/INFO] [com.outlook.shi_jing_kai.CreativeMagicMod.Block.entity.DataPreprocessor/]: Processing image file: EMIT batch.png
[24Aug2024 21:18:39.167] [main/INFO] [com.outlook.shi_jing_kai.CreativeMagicMod.Block.entity.DataPreprocessor/]: Processing image file: ENHANCE batch.png
[24Aug2024 21:18:39.172] [main/INFO] [com.outlook.shi_jing_kai.CreativeMagicMod.Block.entity.DataPreprocessor/]: Processing image file: ERASE batch.png
[24Aug2024 21:18:39.175] [main/INFO] [com.outlook.shi_jing_kai.CreativeMagicMod.Block.entity.DataPreprocessor/]: Processing image file: FORM_BOOTS batch.png
[24Aug2024 21:18:39.178] [main/INFO] [com.outlook.shi_jing_kai.CreativeMagicMod.Block.entity.DataPreprocessor/]: Processing image file: FORM_CHESTPLATE batch.png
[24Aug2024 21:18:39.180] [main/INFO] [com.outlook.shi_jing_kai.CreativeMagicMod.Block.entity.DataPreprocessor/]: Processing image file: FORM_HELMET batch.png
[24Aug2024 21:18:39.183] [main/INFO] [com.outlook.shi_jing_kai.CreativeMagicMod.Block.entity.DataPreprocessor/]: Processing image file: FORM_LEGGING batch.png
[24Aug2024 21:18:39.185] [main/INFO] [com.outlook.shi_jing_kai.CreativeMagicMod.Block.entity.DataPreprocessor/]: Processing image file: FORM_SHIELD batch.png
[24Aug2024 21:18:39.188] [main/INFO] [com.outlook.shi_jing_kai.CreativeMagicMod.Block.entity.DataPreprocessor/]: Processing image file: FORM_SWORD_batch.png
[24Aug2024 21:18:39.191] [main/INFO] [com.outlook.shi_jing_kai.CreativeMagicMod.Block.entity.DataPreprocessor/]: Processing image file: REALITY_MARBLE batch.png
[24Aug2024 21:18:39.194] [main/INFO] [com.outlook.shi_jing_kai.CreativeMagicMod.Block.entity.DataPreprocessor/]: Processing image file: SLOW batch.png
[24Aug2024 21:18:39.197] [main/INFO] [com.outlook.shi_jing_kai.CreativeMagicMod.Block.entity.DataPreprocessor/]: Processing image file: STOP batch.png
[24Aug2024 21:18:39.200] [main/INFO] [com.outlook.shi_jing_kai.CreativeMagicMod.Block.entity.DataPreprocessor/]: Processing image file: WALL batch.png
[24Aug2024 21:18:39.366] [main/INFO] [org.deeplearning4j.nn.multilayer.MultiLayerNetwork/]: Starting MultiLayerNetwork with WorkspaceModes set to [training: ENABLED; inference: ENABLED], cacheMode set to [NONE]
